CRITICAL - 2023-10-30 13:57:58 --> Class "App\Models\MMember" not found
in APPPATH\Controllers\LoginController.php on line 16.
 1 SYSTEMPATH\CodeIgniter.php(942): App\Controllers\LoginController->login()
 2 SYSTEMPATH\CodeIgniter.php(502): CodeIgniter\CodeIgniter->runController(Object(App\Controllers\LoginController))
 3 SYSTEMPATH\CodeIgniter.php(361): CodeIgniter\CodeIgniter->handleRequest(null, Object(Config\Cache), false)
 4 FCPATH\index.php(79): CodeIgniter\CodeIgniter->run()
CRITICAL - 2023-10-30 14:02:19 --> Class "App\Controllers\MPegawai" not found
in APPPATH\Controllers\LoginController.php on line 16.
 1 SYSTEMPATH\CodeIgniter.php(942): App\Controllers\LoginController->login()
 2 SYSTEMPATH\CodeIgniter.php(502): CodeIgniter\CodeIgniter->runController(Object(App\Controllers\LoginController))
 3 SYSTEMPATH\CodeIgniter.php(361): CodeIgniter\CodeIgniter->handleRequest(null, Object(Config\Cache), false)
 4 FCPATH\index.php(79): CodeIgniter\CodeIgniter->run()
CRITICAL - 2023-10-30 14:03:00 --> Class "App\Controllers\MPegawai" not found
in APPPATH\Controllers\LoginController.php on line 16.
 1 SYSTEMPATH\CodeIgniter.php(942): App\Controllers\LoginController->login()
 2 SYSTEMPATH\CodeIgniter.php(502): CodeIgniter\CodeIgniter->runController(Object(App\Controllers\LoginController))
 3 SYSTEMPATH\CodeIgniter.php(361): CodeIgniter\CodeIgniter->handleRequest(null, Object(Config\Cache), false)
 4 FCPATH\index.php(79): CodeIgniter\CodeIgniter->run()
ERROR - 2023-10-30 14:07:08 --> mysqli_sql_exception: Cannot add or update a child row: a foreign key constraint fails (`klinikapp`.`login_token`, CONSTRAINT `login_token_ibfk_1` FOREIGN KEY (`pegawai_id`) REFERENCES `member` (`id`) ON DELETE NO ACTION ON UPDATE CASCADE) in C:\xampp\htdocs\api-klinik\system\Database\MySQLi\Connection.php:306
Stack trace:
#0 C:\xampp\htdocs\api-klinik\system\Database\MySQLi\Connection.php(306): mysqli->query('INSERT INTO `lo...', 0)
#1 C:\xampp\htdocs\api-klinik\system\Database\BaseConnection.php(693): CodeIgniter\Database\MySQLi\Connection->execute('INSERT INTO `lo...')
#2 C:\xampp\htdocs\api-klinik\system\Database\BaseConnection.php(607): CodeIgniter\Database\BaseConnection->simpleQuery('INSERT INTO `lo...')
#3 C:\xampp\htdocs\api-klinik\system\Database\BaseBuilder.php(2308): CodeIgniter\Database\BaseConnection->query('INSERT INTO `lo...', Array, false)
#4 C:\xampp\htdocs\api-klinik\system\Model.php(319): CodeIgniter\Database\BaseBuilder->insert()
#5 C:\xampp\htdocs\api-klinik\system\BaseModel.php(788): CodeIgniter\Model->doInsert(Array)
#6 C:\xampp\htdocs\api-klinik\system\Model.php(715): CodeIgniter\BaseModel->insert(Array, false)
#7 C:\xampp\htdocs\api-klinik\system\BaseModel.php(698): CodeIgniter\Model->insert(Array, false)
#8 C:\xampp\htdocs\api-klinik\app\Controllers\LoginController.php(30): CodeIgniter\BaseModel->save(Array)
#9 C:\xampp\htdocs\api-klinik\system\CodeIgniter.php(942): App\Controllers\LoginController->login()
#10 C:\xampp\htdocs\api-klinik\system\CodeIgniter.php(502): CodeIgniter\CodeIgniter->runController(Object(App\Controllers\LoginController))
#11 C:\xampp\htdocs\api-klinik\system\CodeIgniter.php(361): CodeIgniter\CodeIgniter->handleRequest(NULL, Object(Config\Cache), false)
#12 C:\xampp\htdocs\api-klinik\public\index.php(79): CodeIgniter\CodeIgniter->run()
#13 {main}
CRITICAL - 2023-10-30 14:07:08 --> Cannot add or update a child row: a foreign key constraint fails (`klinikapp`.`login_token`, CONSTRAINT `login_token_ibfk_1` FOREIGN KEY (`pegawai_id`) REFERENCES `member` (`id`) ON DELETE NO ACTION ON UPDATE CASCADE)
in SYSTEMPATH\Database\BaseConnection.php on line 647.
 1 SYSTEMPATH\Database\BaseBuilder.php(2308): CodeIgniter\Database\BaseConnection->query('INSERT INTO `login_token` (`auth_key`) VALUES (:auth_key:)', [...], false)
 2 SYSTEMPATH\Model.php(319): CodeIgniter\Database\BaseBuilder->insert()
 3 SYSTEMPATH\BaseModel.php(788): CodeIgniter\Model->doInsert([...])
 4 SYSTEMPATH\Model.php(715): CodeIgniter\BaseModel->insert([...], false)
 5 SYSTEMPATH\BaseModel.php(698): CodeIgniter\Model->insert([...], false)
 6 APPPATH\Controllers\LoginController.php(30): CodeIgniter\BaseModel->save([...])
 7 SYSTEMPATH\CodeIgniter.php(942): App\Controllers\LoginController->login()
 8 SYSTEMPATH\CodeIgniter.php(502): CodeIgniter\CodeIgniter->runController(Object(App\Controllers\LoginController))
 9 SYSTEMPATH\CodeIgniter.php(361): CodeIgniter\CodeIgniter->handleRequest(null, Object(Config\Cache), false)
10 FCPATH\index.php(79): CodeIgniter\CodeIgniter->run()
